{"level":30,"time":1673121856205,"pid":3824,"hostname":"Lautaro","msg":"Server inicializado en el puerto 8080 - Desafio 16 - Analisis completo de performance"}
{"level":40,"time":1673123378297,"pid":13456,"hostname":"Lautaro","msg":"Ruta inexistente"}
{"level":50,"time":1673124165733,"pid":18980,"hostname":"Lautaro","msg":"Credenciales incorrectas"}{"level":30,"time":1673740001857,"pid":15008,"hostname":"Lautaro","msg":"http://localhost:8080/api/auth"}
{"level":30,"time":1673740001857,"pid":15008,"hostname":"Lautaro","msg":"Server inicializado en el puerto 8080 - Desafio 17 - Implementar nuestro proyecto en Vercel"}
{"level":30,"time":1673740204890,"pid":13664,"hostname":"Lautaro","msg":"http://localhost:8080/api/auth"}
{"level":30,"time":1673740204891,"pid":13664,"hostname":"Lautaro","msg":"Server inicializado en el puerto 8080 - Desafio 17 - Implementar nuestro proyecto en Vercel"}
{"level":30,"time":1673740422624,"pid":9844,"hostname":"Lautaro","msg":"http://localhost:8080/api/auth"}
{"level":30,"time":1673740422624,"pid":9844,"hostname":"Lautaro","msg":"Server inicializado en el puerto 8080 - Desafio 17 - Implementar nuestro proyecto en Vercel"}
{"level":30,"time":1674163979578,"pid":1040,"hostname":"Lautaro","msg":"http://localhost:8080/api/auth"}
{"level":30,"time":1674163979580,"pid":1040,"hostname":"Lautaro","msg":"Server inicializado en el puerto 8080 - Desafio 17 - Implementar nuestro proyecto en Vercel"}
{"level":30,"time":1674164084064,"pid":17860,"hostname":"Lautaro","msg":"http://localhost:8080/api/auth"}
{"level":30,"time":1674164084065,"pid":17860,"hostname":"Lautaro","msg":"Server inicializado en el puerto 8080 - Desafio 17 - Implementar nuestro proyecto en Vercel"}
{"level":30,"time":1674164114014,"pid":3636,"hostname":"Lautaro","msg":"http://localhost:8080/api/auth"}
{"level":30,"time":1674164114016,"pid":3636,"hostname":"Lautaro","msg":"Server inicializado en el puerto 8080 - Desafio 17 - Implementar nuestro proyecto en Vercel"}
{"level":30,"time":1674164147205,"pid":8124,"hostname":"Lautaro","msg":"http://localhost:8080/api/auth"}
{"level":30,"time":1674164147206,"pid":8124,"hostname":"Lautaro","msg":"Server inicializado en el puerto 8080 - Desafio 17 - Implementar nuestro proyecto en Vercel"}
{"level":30,"time":1674164154147,"pid":14776,"hostname":"Lautaro","msg":"http://localhost:8080/api/auth"}
{"level":30,"time":1674164154150,"pid":14776,"hostname":"Lautaro","msg":"Server inicializado en el puerto 8080 - Desafio 17 - Implementar nuestro proyecto en Vercel"}
{"level":30,"time":1674164186947,"pid":14044,"hostname":"Lautaro","msg":"http://localhost:8080/api/auth"}
{"level":30,"time":1674164186948,"pid":14044,"hostname":"Lautaro","msg":"Server inicializado en el puerto 8080 - Desafio 17 - Implementar nuestro proyecto en Vercel"}
{"level":30,"time":1674164191360,"pid":13832,"hostname":"Lautaro","msg":"http://localhost:8080/api/auth"}
{"level":30,"time":1674164191362,"pid":13832,"hostname":"Lautaro","msg":"Server inicializado en el puerto 8080 - Desafio 17 - Implementar nuestro proyecto en Vercel"}
{"level":30,"time":1674164193003,"pid":1084,"hostname":"Lautaro","msg":"http://localhost:8080/api/auth"}
{"level":30,"time":1674164193004,"pid":1084,"hostname":"Lautaro","msg":"Server inicializado en el puerto 8080 - Desafio 17 - Implementar nuestro proyecto en Vercel"}
